<?xml version="1.0" encoding="UTF-8"?>
<!-- Generated by org.testng.reporters.JUnitReportReporter -->
<testsuite hostname="DESKTOP-08A8MQ6" failures="0" tests="1" name="driver_factory.primus_bank" time="2.314" errors="0" timestamp="2023-03-07T23:43:24 PST" skipped="0">
  <testcase classname="driver_factory.primus_bank" name="driver_script" time="2.314"/>
  <system-out>
    <![CDATA[No of rows in TestCases sheet are:4  No of rows in TestSteps sheet are:10
Successfully logged in to the application    http://primusbank.qedgetech.com/adminflow.aspx     adminflow
Logout Successful
No test cases to execute
No test cases to execute
No test cases to execute]]>
  </system-out>
</testsuite> <!-- driver_factory.primus_bank -->
